<?xml version="1.0" encoding="UTF-8"?>
<!-- Generated by org.testng.reporters.JUnitXMLReporter -->
<testsuite ignored="0" hostname="DESKTOP-G8PV7I8" failures="1" tests="1" name="Default test" time="11.877" errors="0" timestamp="2023-12-01T10:33:04 PKT">
  <testcase classname="Appiumpackage1.Appiumbasics" name="AppiumTest" time="0.278">
    <failure type="org.openqa.selenium.WebDriverException" message="An unknown server-side error occurred while processing the command. Original error: Could not proxy command to the remote server. Original error: socket hang up
Build info: version: &amp;apos;4.11.0&amp;apos;, revision: &amp;apos;040bc5406b&amp;apos;
System info: os.name: &amp;apos;Windows 10&amp;apos;, os.arch: &amp;apos;amd64&amp;apos;, os.version: &amp;apos;10.0&amp;apos;, java.version: &amp;apos;17.0.9&amp;apos;
Driver info: io.appium.java_client.android.AndroidDriver
Command: [0598757c-262a-4e3b-8d3e-70b4ac2deec0, findElement {using=id, value=com.eshaafi.patient.consultation:id/medical_history_layout}]
Capabilities {appium:appActivity: com.eshaafi.patient.consult..., appium:appPackage: com.eshaafi.patient.consult..., appium:appWaitActivity: com.eshaafi.patient.consult..., appium:automationName: UIAutomator2, appium:chromedriverExecutable: //Users//Shoaib\Downloads\c..., appium:databaseEnabled: false, appium:desired: {appActivity: com.eshaafi.patient.consult..., appPackage: com.eshaafi.patient.consult..., appWaitActivity: com.eshaafi.patient.consult..., automationName: UIAutomator2, chromedriverExecutable: //Users//Shoaib\Downloads\c..., deviceName: OPPO CPH2421, enableMultiWindows: true, fullReset: false, noReset: true, platformName: ANDROID, setWebContentsDebuggingEnabled: true}, appium:deviceApiLevel: 30, appium:deviceManufacturer: OPPO, appium:deviceModel: CPH2421, appium:deviceName: adb-INIB7PI7JRN7Q8BU-UND06T..., appium:deviceScreenDensity: 320, appium:deviceScreenSize: 720x1600, appium:deviceUDID: adb-INIB7PI7JRN7Q8BU-UND06T..., appium:enableMultiWindows: true, appium:fullReset: false, appium:javascriptEnabled: true, appium:locationContextEnabled: false, appium:networkConnectionEnabled: true, appium:noReset: true, appium:pixelRatio: 2, appium:platformVersion: 11, appium:setWebContentsDebuggingEnabled: true, appium:statBarHeight: 64, appium:takesScreenshot: true, appium:viewportRect: {height: 1392, left: 0, top: 64, width: 720}, appium:warnings: {}, appium:webStorageEnabled: false, platformName: ANDROID}
Session ID: 0598757c-262a-4e3b-8d3e-70b4ac2deec0">
      <![CDATA[org.openqa.selenium.WebDriverException: An unknown server-side error occurred while processing the command. Original error: Could not proxy command to the remote server. Original error: socket hang up
Build info: version: '4.11.0', revision: '040bc5406b'
System info: os.name: 'Windows 10', os.arch: 'amd64', os.version: '10.0', java.version: '17.0.9'
Driver info: io.appium.java_client.android.AndroidDriver
Command: [0598757c-262a-4e3b-8d3e-70b4ac2deec0, findElement {using=id, value=com.eshaafi.patient.consultation:id/medical_history_layout}]
Capabilities {appium:appActivity: com.eshaafi.patient.consult..., appium:appPackage: com.eshaafi.patient.consult..., appium:appWaitActivity: com.eshaafi.patient.consult..., appium:automationName: UIAutomator2, appium:chromedriverExecutable: //Users//Shoaib\Downloads\c..., appium:databaseEnabled: false, appium:desired: {appActivity: com.eshaafi.patient.consult..., appPackage: com.eshaafi.patient.consult..., appWaitActivity: com.eshaafi.patient.consult..., automationName: UIAutomator2, chromedriverExecutable: //Users//Shoaib\Downloads\c..., deviceName: OPPO CPH2421, enableMultiWindows: true, fullReset: false, noReset: true, platformName: ANDROID, setWebContentsDebuggingEnabled: true}, appium:deviceApiLevel: 30, appium:deviceManufacturer: OPPO, appium:deviceModel: CPH2421, appium:deviceName: adb-INIB7PI7JRN7Q8BU-UND06T..., appium:deviceScreenDensity: 320, appium:deviceScreenSize: 720x1600, appium:deviceUDID: adb-INIB7PI7JRN7Q8BU-UND06T..., appium:enableMultiWindows: true, appium:fullReset: false, appium:javascriptEnabled: true, appium:locationContextEnabled: false, appium:networkConnectionEnabled: true, appium:noReset: true, appium:pixelRatio: 2, appium:platformVersion: 11, appium:setWebContentsDebuggingEnabled: true, appium:statBarHeight: 64, appium:takesScreenshot: true, appium:viewportRect: {height: 1392, left: 0, top: 64, width: 720}, appium:warnings: {}, appium:webStorageEnabled: false, platformName: ANDROID}
Session ID: 0598757c-262a-4e3b-8d3e-70b4ac2deec0
at java.base/jdk.internal.reflect.NativeConstructorAccessorImpl.newInstance0(Native Method)
at java.base/jdk.internal.reflect.NativeConstructorAccessorImpl.newInstance(NativeConstructorAccessorImpl.java:77)
at java.base/jdk.internal.reflect.DelegatingConstructorAccessorImpl.newInstance(DelegatingConstructorAccessorImpl.java:45)
at java.base/java.lang.reflect.Constructor.newInstanceWithCaller(Constructor.java:499)
at java.base/java.lang.reflect.Constructor.newInstance(Constructor.java:480)
at org.openqa.selenium.remote.codec.w3c.W3CHttpResponseCodec.createException(W3CHttpResponseCodec.java:200)
at org.openqa.selenium.remote.codec.w3c.W3CHttpResponseCodec.decode(W3CHttpResponseCodec.java:133)
at org.openqa.selenium.remote.codec.w3c.W3CHttpResponseCodec.decode(W3CHttpResponseCodec.java:52)
at org.openqa.selenium.remote.HttpCommandExecutor.execute(HttpCommandExecutor.java:191)
at io.appium.java_client.remote.AppiumCommandExecutor.execute(AppiumCommandExecutor.java:250)
at org.openqa.selenium.remote.RemoteWebDriver.execute(RemoteWebDriver.java:518)
at org.openqa.selenium.remote.ElementLocation$ElementFinder$2.findElement(ElementLocation.java:165)
at org.openqa.selenium.remote.ElementLocation.findElement(ElementLocation.java:66)
at org.openqa.selenium.remote.RemoteWebDriver.findElement(RemoteWebDriver.java:355)
at org.openqa.selenium.remote.RemoteWebDriver.findElement(RemoteWebDriver.java:349)
at org.openqa.selenium.support.ui.ExpectedConditions$7.apply(ExpectedConditions.java:194)
at org.openqa.selenium.support.ui.ExpectedConditions$7.apply(ExpectedConditions.java:190)
at org.openqa.selenium.support.ui.FluentWait.until(FluentWait.java:205)
at Appiumpackage1.BaseTest.MedicalRecord(BaseTest.java:661)
at Appiumpackage1.Appiumbasics.AppiumTest(Appiumbasics.java:46)
at java.base/jdk.internal.reflect.NativeMethodAccessorImpl.invoke0(Native Method)
at java.base/jdk.internal.reflect.NativeMethodAccessorImpl.invoke(NativeMethodAccessorImpl.java:77)
at java.base/jdk.internal.reflect.DelegatingMethodAccessorImpl.invoke(DelegatingMethodAccessorImpl.java:43)
at java.base/java.lang.reflect.Method.invoke(Method.java:568)
at org.testng.internal.invokers.MethodInvocationHelper.invokeMethod(MethodInvocationHelper.java:139)
at org.testng.internal.invokers.TestInvoker.invokeMethod(TestInvoker.java:664)
at org.testng.internal.invokers.TestInvoker.invokeTestMethod(TestInvoker.java:227)
at org.testng.internal.invokers.MethodRunner.runInSequence(MethodRunner.java:50)
at org.testng.internal.invokers.TestInvoker$MethodInvocationAgent.invoke(TestInvoker.java:957)
at org.testng.internal.invokers.TestInvoker.invokeTestMethods(TestInvoker.java:200)
at org.testng.internal.invokers.TestMethodWorker.invokeTestMethods(TestMethodWorker.java:148)
at org.testng.internal.invokers.TestMethodWorker.run(TestMethodWorker.java:128)
at java.base/java.util.ArrayList.forEach(ArrayList.java:1511)
at org.testng.TestRunner.privateRun(TestRunner.java:848)
at org.testng.TestRunner.run(TestRunner.java:621)
at org.testng.SuiteRunner.runTest(SuiteRunner.java:443)
at org.testng.SuiteRunner.runSequentially(SuiteRunner.java:437)
at org.testng.SuiteRunner.privateRun(SuiteRunner.java:397)
at org.testng.SuiteRunner.run(SuiteRunner.java:336)
at org.testng.SuiteRunnerWorker.runSuite(SuiteRunnerWorker.java:52)
at org.testng.SuiteRunnerWorker.run(SuiteRunnerWorker.java:95)
at org.testng.TestNG.runSuitesSequentially(TestNG.java:1280)
at org.testng.TestNG.runSuitesLocally(TestNG.java:1200)
at org.testng.TestNG.runSuites(TestNG.java:1114)
at org.testng.TestNG.run(TestNG.java:1082)
at org.testng.remote.AbstractRemoteTestNG.run(AbstractRemoteTestNG.java:115)
at org.testng.remote.RemoteTestNG.initAndRun(RemoteTestNG.java:251)
at org.testng.remote.RemoteTestNG.main(RemoteTestNG.java:77)
]]>
    </failure>
  </testcase> <!-- AppiumTest -->
</testsuite> <!-- Default test -->
