<?xml version="1.0" encoding="UTF-8"?>
<testng-results ignored="0" total="1" passed="1" failed="0" skipped="0">
  <reporter-output>
  </reporter-output>
  <suite started-at="2024-05-31T16:53:12 PKT" name="Default suite" finished-at="2024-05-31T16:53:48 PKT" duration-ms="35657">
    <groups>
    </groups>
    <test started-at="2024-05-31T16:53:12 PKT" name="Default test" finished-at="2024-05-31T16:53:48 PKT" duration-ms="35657">
      <class name="Appiumpackage1.Regression">
        <test-method is-config="true" signature="ConfigureAppium()[pri:0, instance:Appiumpackage1.Regression@2dcd168a]" started-at="2024-05-31T16:53:12 PKT" name="ConfigureAppium" finished-at="2024-05-31T16:53:25 PKT" duration-ms="12445" status="PASS">
          <reporter-output>
          </reporter-output>
        </test-method> <!-- ConfigureAppium -->
        <test-method signature="AppiumTest()[pri:0, instance:Appiumpackage1.Regression@2dcd168a]" started-at="2024-05-31T16:53:25 PKT" name="AppiumTest" finished-at="2024-05-31T16:53:48 PKT" duration-ms="23017" status="PASS">
          <reporter-output>
          </reporter-output>
        </test-method> <!-- AppiumTest -->
      </class> <!-- Appiumpackage1.Regression -->
    </test> <!-- Default test -->
  </suite> <!-- Default suite -->
</testng-results>
