<?xml version="1.0" encoding="UTF-8"?>
<testng-results ignored="0" total="1" passed="1" failed="0" skipped="0">
  <reporter-output>
  </reporter-output>
  <suite started-at="2023-12-07T12:47:14 PKT" name="Default suite" finished-at="2023-12-07T12:47:45 PKT" duration-ms="31289">
    <groups>
    </groups>
    <test started-at="2023-12-07T12:47:14 PKT" name="Default test" finished-at="2023-12-07T12:47:45 PKT" duration-ms="31289">
      <class name="Appiumpackage1.Appiumbasics">
        <test-method is-config="true" signature="ConfigureAppium()[pri:0, instance:Appiumpackage1.Appiumbasics@548d708a]" started-at="2023-12-07T12:47:14 PKT" name="ConfigureAppium" finished-at="2023-12-07T12:47:34 PKT" duration-ms="20079" status="PASS">
          <reporter-output>
          </reporter-output>
        </test-method> <!-- ConfigureAppium -->
        <test-method signature="AppiumTest()[pri:0, instance:Appiumpackage1.Appiumbasics@548d708a]" started-at="2023-12-07T12:47:34 PKT" name="AppiumTest" finished-at="2023-12-07T12:47:45 PKT" duration-ms="11121" status="PASS">
          <reporter-output>
          </reporter-output>
        </test-method> <!-- AppiumTest -->
      </class> <!-- Appiumpackage1.Appiumbasics -->
    </test> <!-- Default test -->
  </suite> <!-- Default suite -->
</testng-results>
