<?xml version="1.0" encoding="UTF-8"?>
<testng-results ignored="0" total="1" passed="1" failed="0" skipped="0">
  <reporter-output>
  </reporter-output>
  <suite started-at="2024-04-30T17:32:34 PKT" name="Default suite" finished-at="2024-04-30T17:38:27 PKT" duration-ms="352656">
    <groups>
    </groups>
    <test started-at="2024-04-30T17:32:34 PKT" name="Default test" finished-at="2024-04-30T17:38:27 PKT" duration-ms="352656">
      <class name="Appiumpackage1.Regression">
        <test-method is-config="true" signature="ConfigureAppium()[pri:0, instance:Appiumpackage1.Regression@6138e79a]" started-at="2024-04-30T17:32:34 PKT" name="ConfigureAppium" finished-at="2024-04-30T17:32:44 PKT" duration-ms="9550" status="PASS">
          <reporter-output>
          </reporter-output>
        </test-method> <!-- ConfigureAppium -->
        <test-method signature="AppiumTest()[pri:0, instance:Appiumpackage1.Regression@6138e79a]" started-at="2024-04-30T17:32:44 PKT" name="AppiumTest" finished-at="2024-04-30T17:38:27 PKT" duration-ms="342950" status="PASS">
          <reporter-output>
          </reporter-output>
        </test-method> <!-- AppiumTest -->
      </class> <!-- Appiumpackage1.Regression -->
    </test> <!-- Default test -->
  </suite> <!-- Default suite -->
</testng-results>
