<?xml version="1.0" encoding="UTF-8"?>
<testng-results ignored="0" total="1" passed="1" failed="0" skipped="0">
  <reporter-output>
  </reporter-output>
  <suite started-at="2024-02-22T10:30:39 PKT" name="Default suite" finished-at="2024-02-22T10:32:20 PKT" duration-ms="101050">
    <groups>
    </groups>
    <test started-at="2024-02-22T10:30:39 PKT" name="Default test" finished-at="2024-02-22T10:32:20 PKT" duration-ms="101050">
      <class name="Appiumpackage1.Appiumbasics">
        <test-method is-config="true" signature="ConfigureAppium()[pri:0, instance:Appiumpackage1.Appiumbasics@8519cb4]" started-at="2024-02-22T10:30:39 PKT" name="ConfigureAppium" finished-at="2024-02-22T10:30:51 PKT" duration-ms="11915" status="PASS">
          <reporter-output>
          </reporter-output>
        </test-method> <!-- ConfigureAppium -->
        <test-method signature="AppiumTest()[pri:0, instance:Appiumpackage1.Appiumbasics@8519cb4]" started-at="2024-02-22T10:30:51 PKT" name="AppiumTest" finished-at="2024-02-22T10:32:20 PKT" duration-ms="89069" status="PASS">
          <reporter-output>
          </reporter-output>
        </test-method> <!-- AppiumTest -->
      </class> <!-- Appiumpackage1.Appiumbasics -->
    </test> <!-- Default test -->
  </suite> <!-- Default suite -->
</testng-results>
